2022-10-21 11:04:55,730 INFO  [restartedMain] com.visionrent.VisionrentApplication:Starting VisionrentApplication using Java 11.0.14 on Olaf with PID 6896 (C:\Users\CEM\OneDrive\Masaüstü\visionrent\visionrent\target\classes started by CEM in C:\Users\CEM\OneDrive\Masaüstü\visionrent\visionrent)
2022-10-21 11:04:55,812 DEBUG [restartedMain] com.visionrent.VisionrentApplication:Running with Spring Boot v2.7.4, Spring v5.3.23
2022-10-21 11:04:55,814 INFO  [restartedMain] com.visionrent.VisionrentApplication:No active profile set, falling back to 1 default profile: "default"
2022-10-21 11:04:56,199 INFO  [restartedMain] org.springframework.boot.devtools.env.DevToolsPropertyDefaultsPostProcessor:Devtools property defaults active! Set 'spring.devtools.add-properties' to 'false' to disable
2022-10-21 11:04:56,205 INFO  [restartedMain] org.springframework.boot.devtools.env.DevToolsPropertyDefaultsPostProcessor:For additional web related logging consider setting the 'logging.level.web' property to 'DEBUG'
2022-10-21 11:05:02,140 INFO  [restartedMain] org.springframework.data.repository.config.RepositoryConfigurationDelegate:Bootstrapping Spring Data JPA repositories in DEFAULT mode.
2022-10-21 11:05:02,848 INFO  [restartedMain] org.springframework.data.repository.config.RepositoryConfigurationDelegate:Finished Spring Data repository scanning in 682 ms. Found 1 JPA repository interfaces.
2022-10-21 11:05:10,252 INFO  [restartedMain] org.springframework.boot.web.embedded.tomcat.TomcatWebServer:Tomcat initialized with port(s): 8080 (http)
2022-10-21 11:05:10,439 INFO  [restartedMain] org.apache.catalina.core.StandardService:Starting service [Tomcat]
2022-10-21 11:05:10,441 INFO  [restartedMain] org.apache.catalina.core.StandardEngine:Starting Servlet engine: [Apache Tomcat/9.0.65]
2022-10-21 11:05:11,468 INFO  [restartedMain] org.apache.catalina.core.ContainerBase.[Tomcat].[localhost].[/]:Initializing Spring embedded WebApplicationContext
2022-10-21 11:05:11,469 INFO  [restartedMain] org.springframework.boot.web.servlet.context.ServletWebServerApplicationContext:Root WebApplicationContext: initialization completed in 15241 ms
2022-10-21 11:05:13,553 INFO  [restartedMain] org.hibernate.jpa.internal.util.LogHelper:HHH000204: Processing PersistenceUnitInfo [name: default]
2022-10-21 11:05:14,609 INFO  [restartedMain] org.hibernate.Version:HHH000412: Hibernate ORM core version 5.6.11.Final
2022-10-21 11:05:15,505 INFO  [restartedMain] org.hibernate.annotations.common.Version:HCANN000001: Hibernate Commons Annotations {5.1.2.Final}
2022-10-21 11:05:16,360 INFO  [restartedMain] com.zaxxer.hikari.HikariDataSource:HikariPool-1 - Starting...
2022-10-21 11:05:17,253 INFO  [restartedMain] com.zaxxer.hikari.HikariDataSource:HikariPool-1 - Start completed.
2022-10-21 11:05:17,428 INFO  [restartedMain] org.hibernate.dialect.Dialect:HHH000400: Using dialect: org.hibernate.dialect.PostgreSQL9Dialect
2022-10-21 11:05:19,882 INFO  [restartedMain] org.hibernate.engine.transaction.jta.platform.internal.JtaPlatformInitiator:HHH000490: Using JtaPlatform implementation: [org.hibernate.engine.transaction.jta.platform.internal.NoJtaPlatform]
2022-10-21 11:05:19,908 INFO  [restartedMain] org.springframework.orm.jpa.LocalContainerEntityManagerFactoryBean:Initialized JPA EntityManagerFactory for persistence unit 'default'
2022-10-21 11:05:21,383 WARN  [restartedMain] org.springframework.boot.autoconfigure.orm.jpa.JpaBaseConfiguration$JpaWebConfiguration:spring.jpa.open-in-view is enabled by default. Therefore, database queries may be performed during view rendering. Explicitly configure spring.jpa.open-in-view to disable this warning
2022-10-21 11:05:24,837 INFO  [restartedMain] org.springframework.boot.devtools.autoconfigure.OptionalLiveReloadServer:LiveReload server is running on port 35729
2022-10-21 11:05:24,852 INFO  [restartedMain] org.springframework.boot.actuate.endpoint.web.EndpointLinksResolver:Exposing 15 endpoint(s) beneath base path '/actuator'
2022-10-21 11:05:25,304 INFO  [restartedMain] org.springframework.boot.web.embedded.tomcat.TomcatWebServer:Tomcat started on port(s): 8080 (http) with context path ''
2022-10-21 11:05:25,409 INFO  [restartedMain] com.visionrent.VisionrentApplication:Started VisionrentApplication in 31.751 seconds (JVM running for 34.726)
2022-10-21 11:06:21,476 INFO  [http-nio-8080-exec-1] org.apache.catalina.core.ContainerBase.[Tomcat].[localhost].[/]:Initializing Spring DispatcherServlet 'dispatcherServlet'
2022-10-21 11:07:43,519 ERROR [http-nio-8080-exec-6] com.visionrent.exception.VisionRentExceptionHandler:Resource with id 1 not found
2022-10-21 11:07:43,533 WARN  [http-nio-8080-exec-6] org.springframework.web.servlet.mvc.method.annotation.ExceptionHandlerExceptionResolver:Resolved [com.visionrent.exception.ResourceNotFoundException: Resource with id 1 not found]
2022-10-21 11:11:21,317 ERROR [http-nio-8080-exec-4] com.visionrent.exception.VisionRentExceptionHandler:Resource with id 1 not found
2022-10-21 11:11:21,319 WARN  [http-nio-8080-exec-4] org.springframework.web.servlet.mvc.method.annotation.ExceptionHandlerExceptionResolver:Resolved [com.visionrent.exception.ResourceNotFoundException: Resource with id 1 not found]
2022-10-21 11:11:38,069 ERROR [http-nio-8080-exec-6] com.visionrent.exception.VisionRentExceptionHandler:Resource with id 1 not found
2022-10-21 11:11:38,071 WARN  [http-nio-8080-exec-6] org.springframework.web.servlet.mvc.method.annotation.ExceptionHandlerExceptionResolver:Resolved [com.visionrent.exception.ResourceNotFoundException: Resource with id 1 not found]
2022-10-21 11:11:43,194 ERROR [http-nio-8080-exec-7] com.visionrent.exception.VisionRentExceptionHandler:Resource with id 1 not found
2022-10-21 11:11:43,197 WARN  [http-nio-8080-exec-7] org.springframework.web.servlet.mvc.method.annotation.ExceptionHandlerExceptionResolver:Resolved [com.visionrent.exception.ResourceNotFoundException: Resource with id 1 not found]
2022-10-21 11:19:14,272 INFO  [SpringApplicationShutdownHook] org.springframework.orm.jpa.LocalContainerEntityManagerFactoryBean:Closing JPA EntityManagerFactory for persistence unit 'default'
2022-10-21 11:19:14,303 INFO  [SpringApplicationShutdownHook] com.zaxxer.hikari.HikariDataSource:HikariPool-1 - Shutdown initiated...
2022-10-21 11:19:14,329 INFO  [SpringApplicationShutdownHook] com.zaxxer.hikari.HikariDataSource:HikariPool-1 - Shutdown completed.
2022-10-21 11:19:33,885 INFO  [restartedMain] com.visionrent.VisionrentApplication:Starting VisionrentApplication using Java 11.0.14 on Olaf with PID 18144 (C:\Users\CEM\OneDrive\Masaüstü\visionrent\visionrent\target\classes started by CEM in C:\Users\CEM\OneDrive\Masaüstü\visionrent\visionrent)
2022-10-21 11:19:33,887 DEBUG [restartedMain] com.visionrent.VisionrentApplication:Running with Spring Boot v2.7.4, Spring v5.3.23
2022-10-21 11:19:33,889 INFO  [restartedMain] com.visionrent.VisionrentApplication:No active profile set, falling back to 1 default profile: "default"
2022-10-21 11:19:34,176 INFO  [restartedMain] org.springframework.boot.devtools.env.DevToolsPropertyDefaultsPostProcessor:Devtools property defaults active! Set 'spring.devtools.add-properties' to 'false' to disable
2022-10-21 11:19:34,177 INFO  [restartedMain] org.springframework.boot.devtools.env.DevToolsPropertyDefaultsPostProcessor:For additional web related logging consider setting the 'logging.level.web' property to 'DEBUG'
2022-10-21 11:19:38,701 INFO  [restartedMain] org.springframework.data.repository.config.RepositoryConfigurationDelegate:Bootstrapping Spring Data JPA repositories in DEFAULT mode.
2022-10-21 11:19:38,851 INFO  [restartedMain] org.springframework.data.repository.config.RepositoryConfigurationDelegate:Finished Spring Data repository scanning in 125 ms. Found 1 JPA repository interfaces.
2022-10-21 11:19:41,598 INFO  [restartedMain] org.springframework.boot.web.embedded.tomcat.TomcatWebServer:Tomcat initialized with port(s): 8080 (http)
2022-10-21 11:19:41,630 INFO  [restartedMain] org.apache.catalina.core.StandardService:Starting service [Tomcat]
2022-10-21 11:19:41,631 INFO  [restartedMain] org.apache.catalina.core.StandardEngine:Starting Servlet engine: [Apache Tomcat/9.0.65]
2022-10-21 11:19:41,885 INFO  [restartedMain] org.apache.catalina.core.ContainerBase.[Tomcat].[localhost].[/]:Initializing Spring embedded WebApplicationContext
2022-10-21 11:19:41,886 INFO  [restartedMain] org.springframework.boot.web.servlet.context.ServletWebServerApplicationContext:Root WebApplicationContext: initialization completed in 7707 ms
2022-10-21 11:19:42,558 INFO  [restartedMain] org.hibernate.jpa.internal.util.LogHelper:HHH000204: Processing PersistenceUnitInfo [name: default]
2022-10-21 11:19:42,741 INFO  [restartedMain] org.hibernate.Version:HHH000412: Hibernate ORM core version 5.6.11.Final
2022-10-21 11:19:43,249 INFO  [restartedMain] org.hibernate.annotations.common.Version:HCANN000001: Hibernate Commons Annotations {5.1.2.Final}
2022-10-21 11:19:43,547 INFO  [restartedMain] com.zaxxer.hikari.HikariDataSource:HikariPool-1 - Starting...
2022-10-21 11:19:44,008 INFO  [restartedMain] com.zaxxer.hikari.HikariDataSource:HikariPool-1 - Start completed.
2022-10-21 11:19:44,061 INFO  [restartedMain] org.hibernate.dialect.Dialect:HHH000400: Using dialect: org.hibernate.dialect.PostgreSQL9Dialect
2022-10-21 11:19:45,947 INFO  [restartedMain] org.hibernate.engine.transaction.jta.platform.internal.JtaPlatformInitiator:HHH000490: Using JtaPlatform implementation: [org.hibernate.engine.transaction.jta.platform.internal.NoJtaPlatform]
2022-10-21 11:19:45,971 INFO  [restartedMain] org.springframework.orm.jpa.LocalContainerEntityManagerFactoryBean:Initialized JPA EntityManagerFactory for persistence unit 'default'
2022-10-21 11:19:46,797 WARN  [restartedMain] org.springframework.boot.autoconfigure.orm.jpa.JpaBaseConfiguration$JpaWebConfiguration:spring.jpa.open-in-view is enabled by default. Therefore, database queries may be performed during view rendering. Explicitly configure spring.jpa.open-in-view to disable this warning
2022-10-21 11:19:48,005 INFO  [restartedMain] org.springframework.boot.devtools.autoconfigure.OptionalLiveReloadServer:LiveReload server is running on port 35729
2022-10-21 11:19:48,016 INFO  [restartedMain] org.springframework.boot.actuate.endpoint.web.EndpointLinksResolver:Exposing 15 endpoint(s) beneath base path '/actuator'
2022-10-21 11:19:48,117 INFO  [restartedMain] org.springframework.boot.web.embedded.tomcat.TomcatWebServer:Tomcat started on port(s): 8080 (http) with context path ''
2022-10-21 11:19:48,145 INFO  [restartedMain] com.visionrent.VisionrentApplication:Started VisionrentApplication in 15.699 seconds (JVM running for 17.94)
2022-10-21 11:19:55,343 INFO  [http-nio-8080-exec-2] org.apache.catalina.core.ContainerBase.[Tomcat].[localhost].[/]:Initializing Spring DispatcherServlet 'dispatcherServlet'
